<?xml version="1.0" encoding="UTF-8"?>
<testsuite xmlns:xsi="http://www.w3.org/2001/XMLSchema-instance" xsi:noNamespaceSchemaLocation="https://maven.apache.org/surefire/maven-surefire-plugin/xsd/surefire-test-report.xsd" version="3.0.2" name="com.smartguys.mediclinic.controller.HealthControllerTest" time="5.555" tests="1" errors="0" skipped="0" failures="0">
  <properties>
[...]
</properties>
  <testcase name="testHealthEndpoint" classname="com.smartguys.mediclinic.controller.HealthControllerTest" time="1.535">
    <system-out><![CDATA[23:54:33.147 [main] INFO org.springframework.test.context.support.AnnotationConfigContextLoaderUtils -- Could not detect default configuration classes for test class [com.smartguys.mediclinic.controller.HealthControllerTest]: HealthControllerTest does not declare any static, non-private, non-final, nested classes annotated with @Configuration.
23:54:33.475 [main] INFO org.springframework.boot.test.context.SpringBootTestContextBootstrapper -- Found @SpringBootConfiguration com.smartguys.mediclinic.MediclinicApplication for test class com.smartguys.mediclinic.controller.HealthControllerTest

  .   ____          _            __ _ _
 /\\ / ___'_ __ _ _(_)_ __  __ _ \ \ \ \
( ( )\___ | '_ | '_| | '_ \/ _` | \ \ \ \
 \\/  ___)| |_)| | | | | || (_| |  ) ) ) )
  '  |____| .__|_| |_|_| |_\__, | / / / /
 =========|_|==============|___/=/_/_/_/

 :: Spring Boot ::                (v3.4.1)

2026-04-30T23:54:34.276+08:00  INFO 35480 --- [           main] c.s.m.controller.HealthControllerTest    : Starting HealthControllerTest using Java 17.0.15 with PID 35480 (started by maguirre in C:\PersonalStorage\Programming\smart-guys-web\backend)
2026-04-30T23:54:34.277+08:00 DEBUG 35480 --- [           main] c.s.m.controller.HealthControllerTest    : Running with Spring Boot v3.4.1, Spring v6.2.1
2026-04-30T23:54:34.278+08:00  INFO 35480 --- [           main] c.s.m.controller.HealthControllerTest    : The following 1 profile is active: "dev"
2026-04-30T23:54:36.802+08:00  INFO 35480 --- [           main] o.s.b.t.m.w.SpringBootMockServletContext : Initializing Spring TestDispatcherServlet ''
2026-04-30T23:54:36.802+08:00  INFO 35480 --- [           main] o.s.t.web.servlet.TestDispatcherServlet  : Initializing Servlet ''
2026-04-30T23:54:36.813+08:00  INFO 35480 --- [           main] o.s.t.web.servlet.TestDispatcherServlet  : Completed initialization in 8 ms
2026-04-30T23:54:36.881+08:00  INFO 35480 --- [           main] c.s.m.controller.HealthControllerTest    : Started HealthControllerTest in 3.324 seconds (process running for 4.986)
]]></system-out>
  </testcase>
</testsuite>